2019-11-10 09:37:19,563 INFO org.springframework.boot.StartupInfoLogger [restartedMain] Starting Application on PCCECE with PID 9960 (C:\Progetti\MyProject\Portal\PortalWebApi\target\classes started by cece in C:\Progetti\MyProject\Portal\PortalWebApi)
2019-11-10 09:37:19,577 INFO org.springframework.boot.SpringApplication [restartedMain] No active profile set, falling back to default profiles: default
2019-11-10 09:37:19,738 INFO org.springframework.boot.logging.DeferredLog [restartedMain] Devtools property defaults active! Set 'spring.devtools.add-properties' to 'false' to disable
2019-11-10 09:37:19,742 INFO org.springframework.boot.logging.DeferredLog [restartedMain] For additional web related logging consider setting the 'logging.level.web' property to 'DEBUG'
2019-11-10 09:37:28,250 INFO org.springframework.context.support.PostProcessorRegistrationDelegate$BeanPostProcessorChecker [restartedMain] Bean 'org.springframework.security.config.annotation.configuration.ObjectPostProcessorConfiguration' of type [org.springframework.security.config.annotation.configuration.ObjectPostProcessorConfiguration$$EnhancerBySpringCGLIB$$370ea025] is not eligible for getting processed by all BeanPostProcessors (for example: not eligible for auto-proxying)
2019-11-10 09:37:28,270 INFO org.springframework.context.support.PostProcessorRegistrationDelegate$BeanPostProcessorChecker [restartedMain] Bean 'objectPostProcessor' of type [org.springframework.security.config.annotation.configuration.AutowireBeanFactoryObjectPostProcessor] is not eligible for getting processed by all BeanPostProcessors (for example: not eligible for auto-proxying)
2019-11-10 09:37:28,274 INFO org.springframework.context.support.PostProcessorRegistrationDelegate$BeanPostProcessorChecker [restartedMain] Bean 'org.springframework.security.access.expression.method.DefaultMethodSecurityExpressionHandler@5cddc6dd' of type [org.springframework.security.access.expression.method.DefaultMethodSecurityExpressionHandler] is not eligible for getting processed by all BeanPostProcessors (for example: not eligible for auto-proxying)
2019-11-10 09:37:28,278 INFO org.springframework.context.support.PostProcessorRegistrationDelegate$BeanPostProcessorChecker [restartedMain] Bean 'org.springframework.security.config.annotation.method.configuration.GlobalMethodSecurityConfiguration' of type [org.springframework.security.config.annotation.method.configuration.GlobalMethodSecurityConfiguration$$EnhancerBySpringCGLIB$$5be342d7] is not eligible for getting processed by all BeanPostProcessors (for example: not eligible for auto-proxying)
2019-11-10 09:37:28,292 INFO org.springframework.context.support.PostProcessorRegistrationDelegate$BeanPostProcessorChecker [restartedMain] Bean 'methodSecurityMetadataSource' of type [org.springframework.security.access.method.DelegatingMethodSecurityMetadataSource] is not eligible for getting processed by all BeanPostProcessors (for example: not eligible for auto-proxying)
2019-11-10 09:37:31,225 INFO org.springframework.boot.web.embedded.tomcat.TomcatWebServer [restartedMain] Tomcat initialized with port(s): 5052 (http)
2019-11-10 09:37:31,296 INFO org.apache.juli.logging.DirectJDKLog [restartedMain] Initializing ProtocolHandler ["http-nio-5052"]
2019-11-10 09:37:31,345 INFO org.apache.juli.logging.DirectJDKLog [restartedMain] Starting service [Tomcat]
2019-11-10 09:37:31,346 INFO org.apache.juli.logging.DirectJDKLog [restartedMain] Starting Servlet engine: [Apache Tomcat/9.0.21]
2019-11-10 09:37:31,862 INFO org.apache.juli.logging.DirectJDKLog [restartedMain] Initializing Spring embedded WebApplicationContext
2019-11-10 09:37:31,863 INFO org.springframework.boot.web.servlet.context.ServletWebServerApplicationContext [restartedMain] Root WebApplicationContext: initialization completed in 12120 ms
2019-11-10 09:37:33,078 INFO org.springframework.boot.actuate.endpoint.web.ServletEndpointRegistrar [restartedMain] Registered '/actuator/jolokia' to jolokia-actuator-endpoint
2019-11-10 09:37:33,637 INFO org.springframework.boot.autoconfigure.security.servlet.UserDetailsServiceAutoConfiguration [restartedMain] 

Using generated security password: fe7b09f0-673f-454c-beeb-b2ed3ae65c8a

2019-11-10 09:37:33,953 INFO org.springframework.security.web.DefaultSecurityFilterChain [restartedMain] Creating filter chain: Ant [pattern='/auth', POST], []
2019-11-10 09:37:33,954 INFO org.springframework.security.web.DefaultSecurityFilterChain [restartedMain] Creating filter chain: Ant [pattern='/**', OPTIONS], []
2019-11-10 09:37:33,955 INFO org.springframework.security.web.DefaultSecurityFilterChain [restartedMain] Creating filter chain: Ant [pattern='/', GET], []
2019-11-10 09:37:34,031 INFO org.springframework.security.web.DefaultSecurityFilterChain [restartedMain] Creating filter chain: any request, [org.springframework.security.web.context.request.async.WebAsyncManagerIntegrationFilter@1c7f5eb9, org.springframework.security.web.context.SecurityContextPersistenceFilter@41889449, org.springframework.security.web.header.HeaderWriterFilter@4253567, org.springframework.security.web.authentication.logout.LogoutFilter@13588d29, com.portal.security.JwtTokenAuthorizationOncePerRequestFilter@209789cc, org.springframework.security.web.savedrequest.RequestCacheAwareFilter@41c52bad, org.springframework.security.web.servletapi.SecurityContextHolderAwareRequestFilter@286691fc, org.springframework.security.web.authentication.AnonymousAuthenticationFilter@48b4265e, org.springframework.security.web.session.SessionManagementFilter@5b0b5be8, org.springframework.security.web.access.ExceptionTranslationFilter@51b34e5c, org.springframework.security.web.access.intercept.FilterSecurityInterceptor@6da30727]
2019-11-10 09:37:34,596 INFO org.springframework.scheduling.concurrent.ExecutorConfigurationSupport [restartedMain] Initializing ExecutorService 'applicationTaskExecutor'
2019-11-10 09:37:35,780 INFO org.springframework.scheduling.concurrent.ExecutorConfigurationSupport [restartedMain] Initializing ExecutorService
2019-11-10 09:37:36,010 INFO org.springframework.boot.actuate.endpoint.web.EndpointLinksResolver [restartedMain] Exposing 17 endpoint(s) beneath base path '/actuator'
2019-11-10 09:37:36,194 WARN org.springframework.boot.devtools.autoconfigure.OptionalLiveReloadServer [restartedMain] Unable to start LiveReload server
2019-11-10 09:37:36,305 INFO org.apache.juli.logging.DirectJDKLog [restartedMain] Starting ProtocolHandler ["http-nio-5052"]
2019-11-10 09:37:36,647 INFO org.springframework.boot.web.embedded.tomcat.TomcatWebServer [restartedMain] Tomcat started on port(s): 5052 (http) with context path ''
2019-11-10 09:37:36,657 INFO org.springframework.boot.StartupInfoLogger [restartedMain] Started Application in 18.061 seconds (JVM running for 20.487)
2019-11-10 09:37:38,060 WARN de.codecentric.boot.admin.client.registration.ApplicationRegistrator [registrationTask1] Failed to register application as Application(name=portal-web-api, managementUrl=http://localhost:5052/actuator, healthUrl=http://localhost:5052/actuator/health, serviceUrl=http://localhost:5052/) at spring-boot-admin ([http://localhost:8080/instances]): I/O error on POST request for "http://localhost:8080/instances": Connection refused: connect; nested exception is java.net.ConnectException: Connection refused: connect. Further attempts are logged on DEBUG level
2019-11-10 10:31:03,095 INFO org.springframework.boot.StartupInfoLogger [restartedMain] Starting Application on PCCECE with PID 7944 (C:\Progetti\MyProject\Portal\PortalWebApi\target\classes started by cece in C:\Progetti\MyProject\Portal\PortalWebApi)
2019-11-10 10:31:03,102 INFO org.springframework.boot.SpringApplication [restartedMain] No active profile set, falling back to default profiles: default
2019-11-10 10:31:03,297 INFO org.springframework.boot.logging.DeferredLog [restartedMain] Devtools property defaults active! Set 'spring.devtools.add-properties' to 'false' to disable
2019-11-10 10:31:03,297 INFO org.springframework.boot.logging.DeferredLog [restartedMain] For additional web related logging consider setting the 'logging.level.web' property to 'DEBUG'
2019-11-10 10:31:10,521 INFO org.springframework.context.support.PostProcessorRegistrationDelegate$BeanPostProcessorChecker [restartedMain] Bean 'org.springframework.security.config.annotation.configuration.ObjectPostProcessorConfiguration' of type [org.springframework.security.config.annotation.configuration.ObjectPostProcessorConfiguration$$EnhancerBySpringCGLIB$$29aed217] is not eligible for getting processed by all BeanPostProcessors (for example: not eligible for auto-proxying)
2019-11-10 10:31:10,539 INFO org.springframework.context.support.PostProcessorRegistrationDelegate$BeanPostProcessorChecker [restartedMain] Bean 'objectPostProcessor' of type [org.springframework.security.config.annotation.configuration.AutowireBeanFactoryObjectPostProcessor] is not eligible for getting processed by all BeanPostProcessors (for example: not eligible for auto-proxying)
2019-11-10 10:31:10,544 INFO org.springframework.context.support.PostProcessorRegistrationDelegate$BeanPostProcessorChecker [restartedMain] Bean 'org.springframework.security.access.expression.method.DefaultMethodSecurityExpressionHandler@59c62bc0' of type [org.springframework.security.access.expression.method.DefaultMethodSecurityExpressionHandler] is not eligible for getting processed by all BeanPostProcessors (for example: not eligible for auto-proxying)
2019-11-10 10:31:10,556 INFO org.springframework.context.support.PostProcessorRegistrationDelegate$BeanPostProcessorChecker [restartedMain] Bean 'org.springframework.security.config.annotation.method.configuration.GlobalMethodSecurityConfiguration' of type [org.springframework.security.config.annotation.method.configuration.GlobalMethodSecurityConfiguration$$EnhancerBySpringCGLIB$$4e8374c9] is not eligible for getting processed by all BeanPostProcessors (for example: not eligible for auto-proxying)
2019-11-10 10:31:10,564 INFO org.springframework.context.support.PostProcessorRegistrationDelegate$BeanPostProcessorChecker [restartedMain] Bean 'methodSecurityMetadataSource' of type [org.springframework.security.access.method.DelegatingMethodSecurityMetadataSource] is not eligible for getting processed by all BeanPostProcessors (for example: not eligible for auto-proxying)
2019-11-10 10:31:12,924 INFO org.springframework.boot.web.embedded.tomcat.TomcatWebServer [restartedMain] Tomcat initialized with port(s): 5052 (http)
2019-11-10 10:31:13,243 INFO org.apache.juli.logging.DirectJDKLog [restartedMain] Initializing ProtocolHandler ["http-nio-5052"]
2019-11-10 10:31:13,393 INFO org.apache.juli.logging.DirectJDKLog [restartedMain] Starting service [Tomcat]
2019-11-10 10:31:13,395 INFO org.apache.juli.logging.DirectJDKLog [restartedMain] Starting Servlet engine: [Apache Tomcat/9.0.21]
2019-11-10 10:31:14,240 INFO org.apache.juli.logging.DirectJDKLog [restartedMain] Initializing Spring embedded WebApplicationContext
2019-11-10 10:31:14,241 INFO org.springframework.boot.web.servlet.context.ServletWebServerApplicationContext [restartedMain] Root WebApplicationContext: initialization completed in 10943 ms
2019-11-10 10:31:15,679 INFO org.springframework.boot.actuate.endpoint.web.ServletEndpointRegistrar [restartedMain] Registered '/actuator/jolokia' to jolokia-actuator-endpoint
2019-11-10 10:31:16,730 INFO org.springframework.boot.autoconfigure.security.servlet.UserDetailsServiceAutoConfiguration [restartedMain] 

Using generated security password: fee22bb8-142c-4d84-a66d-771f0fdfae0e

2019-11-10 10:31:16,917 INFO org.springframework.security.web.DefaultSecurityFilterChain [restartedMain] Creating filter chain: Ant [pattern='/auth', POST], []
2019-11-10 10:31:16,919 INFO org.springframework.security.web.DefaultSecurityFilterChain [restartedMain] Creating filter chain: Ant [pattern='/**', OPTIONS], []
2019-11-10 10:31:16,919 INFO org.springframework.security.web.DefaultSecurityFilterChain [restartedMain] Creating filter chain: Ant [pattern='/', GET], []
2019-11-10 10:31:17,000 INFO org.springframework.security.web.DefaultSecurityFilterChain [restartedMain] Creating filter chain: any request, [org.springframework.security.web.context.request.async.WebAsyncManagerIntegrationFilter@7a6277b8, org.springframework.security.web.context.SecurityContextPersistenceFilter@31c4aed8, org.springframework.security.web.header.HeaderWriterFilter@3ac11a3c, org.springframework.security.web.authentication.logout.LogoutFilter@4a78cf1e, com.portal.security.JwtTokenAuthorizationOncePerRequestFilter@783fc162, org.springframework.security.web.savedrequest.RequestCacheAwareFilter@1cba7569, org.springframework.security.web.servletapi.SecurityContextHolderAwareRequestFilter@4dc84040, org.springframework.security.web.authentication.AnonymousAuthenticationFilter@4fddfce9, org.springframework.security.web.session.SessionManagementFilter@2b47d292, org.springframework.security.web.access.ExceptionTranslationFilter@5ad53831, org.springframework.security.web.access.intercept.FilterSecurityInterceptor@73ad636d]
2019-11-10 10:31:17,497 INFO org.springframework.scheduling.concurrent.ExecutorConfigurationSupport [restartedMain] Initializing ExecutorService 'applicationTaskExecutor'
2019-11-10 10:31:18,464 INFO org.springframework.scheduling.concurrent.ExecutorConfigurationSupport [restartedMain] Initializing ExecutorService
2019-11-10 10:31:18,713 INFO org.springframework.boot.actuate.endpoint.web.EndpointLinksResolver [restartedMain] Exposing 17 endpoint(s) beneath base path '/actuator'
2019-11-10 10:31:18,937 INFO org.springframework.boot.devtools.autoconfigure.OptionalLiveReloadServer [restartedMain] LiveReload server is running on port 35729
2019-11-10 10:31:19,082 INFO org.apache.juli.logging.DirectJDKLog [restartedMain] Starting ProtocolHandler ["http-nio-5052"]
2019-11-10 10:31:19,350 INFO org.springframework.boot.web.embedded.tomcat.TomcatWebServer [restartedMain] Tomcat started on port(s): 5052 (http) with context path ''
2019-11-10 10:31:19,384 INFO org.springframework.boot.StartupInfoLogger [restartedMain] Started Application in 17.326 seconds (JVM running for 19.886)
2019-11-10 10:31:20,772 WARN de.codecentric.boot.admin.client.registration.ApplicationRegistrator [registrationTask1] Failed to register application as Application(name=portal-web-api, managementUrl=http://localhost:5052/actuator, healthUrl=http://localhost:5052/actuator/health, serviceUrl=http://localhost:5052/) at spring-boot-admin ([http://localhost:8080/instances]): I/O error on POST request for "http://localhost:8080/instances": Connection refused: connect; nested exception is java.net.ConnectException: Connection refused: connect. Further attempts are logged on DEBUG level
2019-11-10 10:31:50,773 INFO org.apache.juli.logging.DirectJDKLog [http-nio-5052-exec-2] Initializing Spring DispatcherServlet 'dispatcherServlet'
2019-11-10 10:31:50,776 INFO org.springframework.web.servlet.FrameworkServlet [http-nio-5052-exec-2] Initializing Servlet 'dispatcherServlet'
2019-11-10 10:31:50,810 INFO org.springframework.web.servlet.FrameworkServlet [http-nio-5052-exec-2] Completed initialization in 34 ms
2019-11-10 10:32:41,840 INFO org.springframework.boot.StartupInfoLogger [restartedMain] Starting Application on PCCECE with PID 9560 (C:\Progetti\MyProject\Portal\PortalWebApi\target\classes started by cece in C:\Progetti\MyProject\Portal\PortalWebApi)
2019-11-10 10:32:41,892 INFO org.springframework.boot.SpringApplication [restartedMain] No active profile set, falling back to default profiles: default
2019-11-10 10:32:42,158 INFO org.springframework.boot.logging.DeferredLog [restartedMain] Devtools property defaults active! Set 'spring.devtools.add-properties' to 'false' to disable
2019-11-10 10:32:42,159 INFO org.springframework.boot.logging.DeferredLog [restartedMain] For additional web related logging consider setting the 'logging.level.web' property to 'DEBUG'
2019-11-10 10:32:47,834 INFO org.springframework.context.support.PostProcessorRegistrationDelegate$BeanPostProcessorChecker [restartedMain] Bean 'org.springframework.security.config.annotation.configuration.ObjectPostProcessorConfiguration' of type [org.springframework.security.config.annotation.configuration.ObjectPostProcessorConfiguration$$EnhancerBySpringCGLIB$$2dee84ff] is not eligible for getting processed by all BeanPostProcessors (for example: not eligible for auto-proxying)
2019-11-10 10:32:47,852 INFO org.springframework.context.support.PostProcessorRegistrationDelegate$BeanPostProcessorChecker [restartedMain] Bean 'objectPostProcessor' of type [org.springframework.security.config.annotation.configuration.AutowireBeanFactoryObjectPostProcessor] is not eligible for getting processed by all BeanPostProcessors (for example: not eligible for auto-proxying)
2019-11-10 10:32:47,857 INFO org.springframework.context.support.PostProcessorRegistrationDelegate$BeanPostProcessorChecker [restartedMain] Bean 'org.springframework.security.access.expression.method.DefaultMethodSecurityExpressionHandler@2eed5d76' of type [org.springframework.security.access.expression.method.DefaultMethodSecurityExpressionHandler] is not eligible for getting processed by all BeanPostProcessors (for example: not eligible for auto-proxying)
2019-11-10 10:32:47,865 INFO org.springframework.context.support.PostProcessorRegistrationDelegate$BeanPostProcessorChecker [restartedMain] Bean 'org.springframework.security.config.annotation.method.configuration.GlobalMethodSecurityConfiguration' of type [org.springframework.security.config.annotation.method.configuration.GlobalMethodSecurityConfiguration$$EnhancerBySpringCGLIB$$52c327b1] is not eligible for getting processed by all BeanPostProcessors (for example: not eligible for auto-proxying)
2019-11-10 10:32:47,875 INFO org.springframework.context.support.PostProcessorRegistrationDelegate$BeanPostProcessorChecker [restartedMain] Bean 'methodSecurityMetadataSource' of type [org.springframework.security.access.method.DelegatingMethodSecurityMetadataSource] is not eligible for getting processed by all BeanPostProcessors (for example: not eligible for auto-proxying)
2019-11-10 10:32:50,000 INFO org.springframework.boot.web.embedded.tomcat.TomcatWebServer [restartedMain] Tomcat initialized with port(s): 5052 (http)
2019-11-10 10:32:50,045 INFO org.apache.juli.logging.DirectJDKLog [restartedMain] Initializing ProtocolHandler ["http-nio-5052"]
2019-11-10 10:32:50,079 INFO org.apache.juli.logging.DirectJDKLog [restartedMain] Starting service [Tomcat]
2019-11-10 10:32:50,080 INFO org.apache.juli.logging.DirectJDKLog [restartedMain] Starting Servlet engine: [Apache Tomcat/9.0.21]
2019-11-10 10:32:50,602 INFO org.apache.juli.logging.DirectJDKLog [restartedMain] Initializing Spring embedded WebApplicationContext
2019-11-10 10:32:50,603 INFO org.springframework.boot.web.servlet.context.ServletWebServerApplicationContext [restartedMain] Root WebApplicationContext: initialization completed in 8443 ms
2019-11-10 10:32:51,796 INFO org.springframework.boot.actuate.endpoint.web.ServletEndpointRegistrar [restartedMain] Registered '/actuator/jolokia' to jolokia-actuator-endpoint
2019-11-10 10:32:52,452 INFO org.springframework.boot.autoconfigure.security.servlet.UserDetailsServiceAutoConfiguration [restartedMain] 

Using generated security password: 0a19850d-a19a-450a-884c-c5d423a0f4f7

2019-11-10 10:32:52,677 INFO org.springframework.security.web.DefaultSecurityFilterChain [restartedMain] Creating filter chain: Ant [pattern='/auth', POST], []
2019-11-10 10:32:52,678 INFO org.springframework.security.web.DefaultSecurityFilterChain [restartedMain] Creating filter chain: Ant [pattern='/**', OPTIONS], []
2019-11-10 10:32:52,679 INFO org.springframework.security.web.DefaultSecurityFilterChain [restartedMain] Creating filter chain: Ant [pattern='/', GET], []
2019-11-10 10:32:52,778 INFO org.springframework.security.web.DefaultSecurityFilterChain [restartedMain] Creating filter chain: any request, [org.springframework.security.web.context.request.async.WebAsyncManagerIntegrationFilter@6d2e9132, org.springframework.security.web.context.SecurityContextPersistenceFilter@16f560b3, org.springframework.security.web.header.HeaderWriterFilter@2b2903d8, org.springframework.security.web.authentication.logout.LogoutFilter@a0d76e4, com.portal.security.JwtTokenAuthorizationOncePerRequestFilter@3851db2d, org.springframework.security.web.savedrequest.RequestCacheAwareFilter@2600a13d, org.springframework.security.web.servletapi.SecurityContextHolderAwareRequestFilter@2c84be3b, org.springframework.security.web.authentication.AnonymousAuthenticationFilter@149b549a, org.springframework.security.web.session.SessionManagementFilter@46242eb9, org.springframework.security.web.access.ExceptionTranslationFilter@2a0a2a01, org.springframework.security.web.access.intercept.FilterSecurityInterceptor@3ba85c99]
2019-11-10 10:32:53,252 INFO org.springframework.scheduling.concurrent.ExecutorConfigurationSupport [restartedMain] Initializing ExecutorService 'applicationTaskExecutor'
2019-11-10 10:32:54,391 INFO org.springframework.scheduling.concurrent.ExecutorConfigurationSupport [restartedMain] Initializing ExecutorService
2019-11-10 10:32:54,635 INFO org.springframework.boot.actuate.endpoint.web.EndpointLinksResolver [restartedMain] Exposing 17 endpoint(s) beneath base path '/actuator'
2019-11-10 10:32:54,862 INFO org.springframework.boot.devtools.autoconfigure.OptionalLiveReloadServer [restartedMain] LiveReload server is running on port 35729
2019-11-10 10:32:55,002 INFO org.apache.juli.logging.DirectJDKLog [restartedMain] Starting ProtocolHandler ["http-nio-5052"]
2019-11-10 10:32:55,098 INFO org.springframework.boot.web.embedded.tomcat.TomcatWebServer [restartedMain] Tomcat started on port(s): 5052 (http) with context path ''
2019-11-10 10:32:55,175 INFO org.springframework.boot.StartupInfoLogger [restartedMain] Started Application in 14.503 seconds (JVM running for 18.14)
2019-11-10 10:32:56,930 WARN de.codecentric.boot.admin.client.registration.ApplicationRegistrator [registrationTask1] Failed to register application as Application(name=portal-web-api, managementUrl=http://localhost:5052/actuator, healthUrl=http://localhost:5052/actuator/health, serviceUrl=http://localhost:5052/) at spring-boot-admin ([http://localhost:8080/instances]): I/O error on POST request for "http://localhost:8080/instances": Connection refused: connect; nested exception is java.net.ConnectException: Connection refused: connect. Further attempts are logged on DEBUG level
2019-11-10 10:33:32,697 INFO org.apache.juli.logging.DirectJDKLog [http-nio-5052-exec-3] Initializing Spring DispatcherServlet 'dispatcherServlet'
2019-11-10 10:33:32,699 INFO org.springframework.web.servlet.FrameworkServlet [http-nio-5052-exec-3] Initializing Servlet 'dispatcherServlet'
2019-11-10 10:33:32,745 INFO org.springframework.web.servlet.FrameworkServlet [http-nio-5052-exec-3] Completed initialization in 45 ms
2019-11-10 10:38:19,199 INFO org.springframework.boot.StartupInfoLogger [restartedMain] Starting Application on PCCECE with PID 6244 (C:\Progetti\MyProject\Portal\PortalWebApi\target\classes started by cece in C:\Progetti\MyProject\Portal\PortalWebApi)
2019-11-10 10:38:19,212 INFO org.springframework.boot.SpringApplication [restartedMain] No active profile set, falling back to default profiles: default
2019-11-10 10:38:19,436 INFO org.springframework.boot.logging.DeferredLog [restartedMain] Devtools property defaults active! Set 'spring.devtools.add-properties' to 'false' to disable
2019-11-10 10:38:19,437 INFO org.springframework.boot.logging.DeferredLog [restartedMain] For additional web related logging consider setting the 'logging.level.web' property to 'DEBUG'
2019-11-10 10:38:23,638 INFO org.springframework.context.support.PostProcessorRegistrationDelegate$BeanPostProcessorChecker [restartedMain] Bean 'org.springframework.security.config.annotation.configuration.ObjectPostProcessorConfiguration' of type [org.springframework.security.config.annotation.configuration.ObjectPostProcessorConfiguration$$EnhancerBySpringCGLIB$$ba7c9fe] is not eligible for getting processed by all BeanPostProcessors (for example: not eligible for auto-proxying)
2019-11-10 10:38:23,655 INFO org.springframework.context.support.PostProcessorRegistrationDelegate$BeanPostProcessorChecker [restartedMain] Bean 'objectPostProcessor' of type [org.springframework.security.config.annotation.configuration.AutowireBeanFactoryObjectPostProcessor] is not eligible for getting processed by all BeanPostProcessors (for example: not eligible for auto-proxying)
2019-11-10 10:38:23,659 INFO org.springframework.context.support.PostProcessorRegistrationDelegate$BeanPostProcessorChecker [restartedMain] Bean 'org.springframework.security.access.expression.method.DefaultMethodSecurityExpressionHandler@17626b70' of type [org.springframework.security.access.expression.method.DefaultMethodSecurityExpressionHandler] is not eligible for getting processed by all BeanPostProcessors (for example: not eligible for auto-proxying)
2019-11-10 10:38:23,667 INFO org.springframework.context.support.PostProcessorRegistrationDelegate$BeanPostProcessorChecker [restartedMain] Bean 'org.springframework.security.config.annotation.method.configuration.GlobalMethodSecurityConfiguration' of type [org.springframework.security.config.annotation.method.configuration.GlobalMethodSecurityConfiguration$$EnhancerBySpringCGLIB$$307c6cb0] is not eligible for getting processed by all BeanPostProcessors (for example: not eligible for auto-proxying)
2019-11-10 10:38:23,683 INFO org.springframework.context.support.PostProcessorRegistrationDelegate$BeanPostProcessorChecker [restartedMain] Bean 'methodSecurityMetadataSource' of type [org.springframework.security.access.method.DelegatingMethodSecurityMetadataSource] is not eligible for getting processed by all BeanPostProcessors (for example: not eligible for auto-proxying)
2019-11-10 10:38:27,288 INFO org.springframework.boot.web.embedded.tomcat.TomcatWebServer [restartedMain] Tomcat initialized with port(s): 5052 (http)
2019-11-10 10:38:27,433 INFO org.apache.juli.logging.DirectJDKLog [restartedMain] Initializing ProtocolHandler ["http-nio-5052"]
2019-11-10 10:38:27,626 INFO org.apache.juli.logging.DirectJDKLog [restartedMain] Starting service [Tomcat]
2019-11-10 10:38:27,628 INFO org.apache.juli.logging.DirectJDKLog [restartedMain] Starting Servlet engine: [Apache Tomcat/9.0.21]
2019-11-10 10:38:28,096 INFO org.apache.juli.logging.DirectJDKLog [restartedMain] Initializing Spring embedded WebApplicationContext
2019-11-10 10:38:28,098 INFO org.springframework.boot.web.servlet.context.ServletWebServerApplicationContext [restartedMain] Root WebApplicationContext: initialization completed in 8659 ms
2019-11-10 10:38:29,303 INFO org.springframework.boot.actuate.endpoint.web.ServletEndpointRegistrar [restartedMain] Registered '/actuator/jolokia' to jolokia-actuator-endpoint
2019-11-10 10:38:30,032 INFO org.springframework.boot.autoconfigure.security.servlet.UserDetailsServiceAutoConfiguration [restartedMain] 

Using generated security password: ea12eaed-a3c0-4cd8-b161-1ece0db5c1e0

2019-11-10 10:38:30,374 INFO org.springframework.security.web.DefaultSecurityFilterChain [restartedMain] Creating filter chain: Ant [pattern='/auth', POST], []
2019-11-10 10:38:30,375 INFO org.springframework.security.web.DefaultSecurityFilterChain [restartedMain] Creating filter chain: Ant [pattern='/**', OPTIONS], []
2019-11-10 10:38:30,376 INFO org.springframework.security.web.DefaultSecurityFilterChain [restartedMain] Creating filter chain: Ant [pattern='/', GET], []
2019-11-10 10:38:30,468 INFO org.springframework.security.web.DefaultSecurityFilterChain [restartedMain] Creating filter chain: any request, [org.springframework.security.web.context.request.async.WebAsyncManagerIntegrationFilter@65a94708, org.springframework.security.web.context.SecurityContextPersistenceFilter@1420a970, org.springframework.security.web.header.HeaderWriterFilter@56edb4, org.springframework.security.web.authentication.logout.LogoutFilter@43b092dc, com.portal.security.JwtTokenAuthorizationOncePerRequestFilter@7e67ef81, org.springframework.security.web.savedrequest.RequestCacheAwareFilter@5788c7b9, org.springframework.security.web.servletapi.SecurityContextHolderAwareRequestFilter@428a1f3a, org.springframework.security.web.authentication.AnonymousAuthenticationFilter@1997d2f5, org.springframework.security.web.session.SessionManagementFilter@608d5a97, org.springframework.security.web.access.ExceptionTranslationFilter@1eda350, org.springframework.security.web.access.intercept.FilterSecurityInterceptor@2eaaa6c1]
2019-11-10 10:38:31,393 INFO org.springframework.scheduling.concurrent.ExecutorConfigurationSupport [restartedMain] Initializing ExecutorService 'applicationTaskExecutor'
2019-11-10 10:38:32,731 INFO org.springframework.scheduling.concurrent.ExecutorConfigurationSupport [restartedMain] Initializing ExecutorService
2019-11-10 10:38:33,082 INFO org.springframework.boot.actuate.endpoint.web.EndpointLinksResolver [restartedMain] Exposing 17 endpoint(s) beneath base path '/actuator'
2019-11-10 10:38:34,049 WARN org.springframework.boot.devtools.autoconfigure.OptionalLiveReloadServer [restartedMain] Unable to start LiveReload server
2019-11-10 10:38:34,316 INFO org.apache.juli.logging.DirectJDKLog [restartedMain] Starting ProtocolHandler ["http-nio-5052"]
2019-11-10 10:38:35,453 INFO org.springframework.boot.web.embedded.tomcat.TomcatWebServer [restartedMain] Tomcat started on port(s): 5052 (http) with context path ''
2019-11-10 10:38:35,468 INFO org.springframework.boot.StartupInfoLogger [restartedMain] Started Application in 17.208 seconds (JVM running for 19.427)
2019-11-10 10:38:37,489 WARN de.codecentric.boot.admin.client.registration.ApplicationRegistrator [registrationTask1] Failed to register application as Application(name=portal-web-api, managementUrl=http://localhost:5052/actuator, healthUrl=http://localhost:5052/actuator/health, serviceUrl=http://localhost:5052/) at spring-boot-admin ([http://localhost:8080/instances]): I/O error on POST request for "http://localhost:8080/instances": Connection refused: connect; nested exception is java.net.ConnectException: Connection refused: connect. Further attempts are logged on DEBUG level
2019-11-10 10:38:44,314 INFO org.apache.juli.logging.DirectJDKLog [http-nio-5052-exec-4] Initializing Spring DispatcherServlet 'dispatcherServlet'
2019-11-10 10:38:44,316 INFO org.springframework.web.servlet.FrameworkServlet [http-nio-5052-exec-4] Initializing Servlet 'dispatcherServlet'
2019-11-10 10:38:44,344 INFO org.springframework.web.servlet.FrameworkServlet [http-nio-5052-exec-4] Completed initialization in 27 ms
2019-11-10 11:55:25,382 INFO org.springframework.boot.StartupInfoLogger [restartedMain] Starting Application on PCCECE with PID 5928 (C:\Progetti\MyProject\Portal\PortalWebApi\target\classes started by cece in C:\Progetti\MyProject\Portal\PortalWebApi)
2019-11-10 11:55:25,390 INFO org.springframework.boot.SpringApplication [restartedMain] No active profile set, falling back to default profiles: default
2019-11-10 11:55:25,619 INFO org.springframework.boot.logging.DeferredLog [restartedMain] Devtools property defaults active! Set 'spring.devtools.add-properties' to 'false' to disable
2019-11-10 11:55:25,619 INFO org.springframework.boot.logging.DeferredLog [restartedMain] For additional web related logging consider setting the 'logging.level.web' property to 'DEBUG'
2019-11-10 11:55:38,915 INFO org.springframework.context.support.PostProcessorRegistrationDelegate$BeanPostProcessorChecker [restartedMain] Bean 'org.springframework.security.config.annotation.configuration.ObjectPostProcessorConfiguration' of type [org.springframework.security.config.annotation.configuration.ObjectPostProcessorConfiguration$$EnhancerBySpringCGLIB$$13641448] is not eligible for getting processed by all BeanPostProcessors (for example: not eligible for auto-proxying)
2019-11-10 11:55:39,000 INFO org.springframework.context.support.PostProcessorRegistrationDelegate$BeanPostProcessorChecker [restartedMain] Bean 'objectPostProcessor' of type [org.springframework.security.config.annotation.configuration.AutowireBeanFactoryObjectPostProcessor] is not eligible for getting processed by all BeanPostProcessors (for example: not eligible for auto-proxying)
2019-11-10 11:55:39,005 INFO org.springframework.context.support.PostProcessorRegistrationDelegate$BeanPostProcessorChecker [restartedMain] Bean 'org.springframework.security.access.expression.method.DefaultMethodSecurityExpressionHandler@4d4e2caf' of type [org.springframework.security.access.expression.method.DefaultMethodSecurityExpressionHandler] is not eligible for getting processed by all BeanPostProcessors (for example: not eligible for auto-proxying)
2019-11-10 11:55:39,012 INFO org.springframework.context.support.PostProcessorRegistrationDelegate$BeanPostProcessorChecker [restartedMain] Bean 'org.springframework.security.config.annotation.method.configuration.GlobalMethodSecurityConfiguration' of type [org.springframework.security.config.annotation.method.configuration.GlobalMethodSecurityConfiguration$$EnhancerBySpringCGLIB$$3838b6fa] is not eligible for getting processed by all BeanPostProcessors (for example: not eligible for auto-proxying)
2019-11-10 11:55:39,044 INFO org.springframework.context.support.PostProcessorRegistrationDelegate$BeanPostProcessorChecker [restartedMain] Bean 'methodSecurityMetadataSource' of type [org.springframework.security.access.method.DelegatingMethodSecurityMetadataSource] is not eligible for getting processed by all BeanPostProcessors (for example: not eligible for auto-proxying)
2019-11-10 11:55:50,812 INFO org.springframework.boot.web.embedded.tomcat.TomcatWebServer [restartedMain] Tomcat initialized with port(s): 5052 (http)
2019-11-10 11:55:50,997 INFO org.apache.juli.logging.DirectJDKLog [restartedMain] Initializing ProtocolHandler ["http-nio-5052"]
2019-11-10 11:55:51,069 INFO org.apache.juli.logging.DirectJDKLog [restartedMain] Starting service [Tomcat]
2019-11-10 11:55:51,072 INFO org.apache.juli.logging.DirectJDKLog [restartedMain] Starting Servlet engine: [Apache Tomcat/9.0.21]
2019-11-10 11:55:52,052 INFO org.apache.juli.logging.DirectJDKLog [restartedMain] Initializing Spring embedded WebApplicationContext
2019-11-10 11:55:52,054 INFO org.springframework.boot.web.servlet.context.ServletWebServerApplicationContext [restartedMain] Root WebApplicationContext: initialization completed in 26433 ms
2019-11-10 11:55:54,150 INFO org.springframework.boot.actuate.endpoint.web.ServletEndpointRegistrar [restartedMain] Registered '/actuator/jolokia' to jolokia-actuator-endpoint
2019-11-10 11:55:54,866 INFO org.springframework.boot.autoconfigure.security.servlet.UserDetailsServiceAutoConfiguration [restartedMain] 

Using generated security password: c9050a52-56ce-433b-9291-bea8b15d1d63

2019-11-10 11:55:55,185 INFO org.springframework.security.web.DefaultSecurityFilterChain [restartedMain] Creating filter chain: Ant [pattern='/auth', POST], []
2019-11-10 11:55:55,187 INFO org.springframework.security.web.DefaultSecurityFilterChain [restartedMain] Creating filter chain: Ant [pattern='/**', OPTIONS], []
2019-11-10 11:55:55,189 INFO org.springframework.security.web.DefaultSecurityFilterChain [restartedMain] Creating filter chain: Ant [pattern='/', GET], []
2019-11-10 11:55:55,321 INFO org.springframework.security.web.DefaultSecurityFilterChain [restartedMain] Creating filter chain: any request, [org.springframework.security.web.context.request.async.WebAsyncManagerIntegrationFilter@6b934644, org.springframework.security.web.context.SecurityContextPersistenceFilter@7b31d434, org.springframework.security.web.header.HeaderWriterFilter@5f99111c, org.springframework.security.web.authentication.logout.LogoutFilter@7a46759e, com.portal.security.JwtTokenAuthorizationOncePerRequestFilter@1acbcaab, org.springframework.security.web.savedrequest.RequestCacheAwareFilter@7ab5400e, org.springframework.security.web.servletapi.SecurityContextHolderAwareRequestFilter@363bdd08, org.springframework.security.web.authentication.AnonymousAuthenticationFilter@53ddb56b, org.springframework.security.web.session.SessionManagementFilter@600c3e73, org.springframework.security.web.access.ExceptionTranslationFilter@36ca96c2, org.springframework.security.web.access.intercept.FilterSecurityInterceptor@666dbdfe]
2019-11-10 11:55:57,765 INFO org.springframework.scheduling.concurrent.ExecutorConfigurationSupport [restartedMain] Initializing ExecutorService 'applicationTaskExecutor'
2019-11-10 11:55:59,926 INFO org.springframework.scheduling.concurrent.ExecutorConfigurationSupport [restartedMain] Initializing ExecutorService
2019-11-10 11:56:00,293 INFO org.springframework.boot.actuate.endpoint.web.EndpointLinksResolver [restartedMain] Exposing 17 endpoint(s) beneath base path '/actuator'
2019-11-10 11:56:00,911 WARN org.springframework.boot.devtools.autoconfigure.OptionalLiveReloadServer [restartedMain] Unable to start LiveReload server
2019-11-10 11:56:01,294 INFO org.apache.juli.logging.DirectJDKLog [restartedMain] Starting ProtocolHandler ["http-nio-5052"]
2019-11-10 11:56:01,599 INFO org.springframework.boot.web.embedded.tomcat.TomcatWebServer [restartedMain] Tomcat started on port(s): 5052 (http) with context path ''
2019-11-10 11:56:01,977 INFO org.springframework.boot.StartupInfoLogger [restartedMain] Started Application in 39.458 seconds (JVM running for 43.384)
2019-11-10 11:56:06,272 WARN de.codecentric.boot.admin.client.registration.ApplicationRegistrator [registrationTask1] Failed to register application as Application(name=portal-web-api, managementUrl=http://localhost:5052/actuator, healthUrl=http://localhost:5052/actuator/health, serviceUrl=http://localhost:5052/) at spring-boot-admin ([http://localhost:8080/instances]): I/O error on POST request for "http://localhost:8080/instances": Connection refused: connect; nested exception is java.net.ConnectException: Connection refused: connect. Further attempts are logged on DEBUG level
2019-11-10 11:56:38,815 INFO org.apache.juli.logging.DirectJDKLog [http-nio-5052-exec-2] Initializing Spring DispatcherServlet 'dispatcherServlet'
2019-11-10 11:56:38,816 INFO org.springframework.web.servlet.FrameworkServlet [http-nio-5052-exec-2] Initializing Servlet 'dispatcherServlet'
2019-11-10 11:56:38,851 INFO org.springframework.web.servlet.FrameworkServlet [http-nio-5052-exec-2] Completed initialization in 33 ms
2019-11-10 11:57:10,925 INFO org.springframework.boot.StartupInfoLogger [restartedMain] Starting Application on PCCECE with PID 10868 (C:\Progetti\MyProject\Portal\PortalWebApi\target\classes started by cece in C:\Progetti\MyProject\Portal\PortalWebApi)
2019-11-10 11:57:10,931 INFO org.springframework.boot.SpringApplication [restartedMain] No active profile set, falling back to default profiles: default
2019-11-10 11:57:11,146 INFO org.springframework.boot.logging.DeferredLog [restartedMain] Devtools property defaults active! Set 'spring.devtools.add-properties' to 'false' to disable
2019-11-10 11:57:11,146 INFO org.springframework.boot.logging.DeferredLog [restartedMain] For additional web related logging consider setting the 'logging.level.web' property to 'DEBUG'
2019-11-10 11:57:16,444 INFO org.springframework.context.support.PostProcessorRegistrationDelegate$BeanPostProcessorChecker [restartedMain] Bean 'org.springframework.security.config.annotation.configuration.ObjectPostProcessorConfiguration' of type [org.springframework.security.config.annotation.configuration.ObjectPostProcessorConfiguration$$EnhancerBySpringCGLIB$$98ceb0c1] is not eligible for getting processed by all BeanPostProcessors (for example: not eligible for auto-proxying)
2019-11-10 11:57:16,465 INFO org.springframework.context.support.PostProcessorRegistrationDelegate$BeanPostProcessorChecker [restartedMain] Bean 'objectPostProcessor' of type [org.springframework.security.config.annotation.configuration.AutowireBeanFactoryObjectPostProcessor] is not eligible for getting processed by all BeanPostProcessors (for example: not eligible for auto-proxying)
2019-11-10 11:57:16,469 INFO org.springframework.context.support.PostProcessorRegistrationDelegate$BeanPostProcessorChecker [restartedMain] Bean 'org.springframework.security.access.expression.method.DefaultMethodSecurityExpressionHandler@1f47977c' of type [org.springframework.security.access.expression.method.DefaultMethodSecurityExpressionHandler] is not eligible for getting processed by all BeanPostProcessors (for example: not eligible for auto-proxying)
2019-11-10 11:57:16,484 INFO org.springframework.context.support.PostProcessorRegistrationDelegate$BeanPostProcessorChecker [restartedMain] Bean 'org.springframework.security.config.annotation.method.configuration.GlobalMethodSecurityConfiguration' of type [org.springframework.security.config.annotation.method.configuration.GlobalMethodSecurityConfiguration$$EnhancerBySpringCGLIB$$bda35373] is not eligible for getting processed by all BeanPostProcessors (for example: not eligible for auto-proxying)
2019-11-10 11:57:16,518 INFO org.springframework.context.support.PostProcessorRegistrationDelegate$BeanPostProcessorChecker [restartedMain] Bean 'methodSecurityMetadataSource' of type [org.springframework.security.access.method.DelegatingMethodSecurityMetadataSource] is not eligible for getting processed by all BeanPostProcessors (for example: not eligible for auto-proxying)
2019-11-10 11:57:18,783 INFO org.springframework.boot.web.embedded.tomcat.TomcatWebServer [restartedMain] Tomcat initialized with port(s): 5052 (http)
2019-11-10 11:57:18,874 INFO org.apache.juli.logging.DirectJDKLog [restartedMain] Initializing ProtocolHandler ["http-nio-5052"]
2019-11-10 11:57:18,905 INFO org.apache.juli.logging.DirectJDKLog [restartedMain] Starting service [Tomcat]
2019-11-10 11:57:18,907 INFO org.apache.juli.logging.DirectJDKLog [restartedMain] Starting Servlet engine: [Apache Tomcat/9.0.21]
2019-11-10 11:57:19,366 INFO org.apache.juli.logging.DirectJDKLog [restartedMain] Initializing Spring embedded WebApplicationContext
2019-11-10 11:57:19,368 INFO org.springframework.boot.web.servlet.context.ServletWebServerApplicationContext [restartedMain] Root WebApplicationContext: initialization completed in 8221 ms
2019-11-10 11:57:20,418 INFO org.springframework.boot.actuate.endpoint.web.ServletEndpointRegistrar [restartedMain] Registered '/actuator/jolokia' to jolokia-actuator-endpoint
2019-11-10 11:57:20,875 INFO org.springframework.boot.autoconfigure.security.servlet.UserDetailsServiceAutoConfiguration [restartedMain] 

Using generated security password: bca6d9c9-e9e3-425d-b958-71c1507e057b

2019-11-10 11:57:21,111 INFO org.springframework.security.web.DefaultSecurityFilterChain [restartedMain] Creating filter chain: Ant [pattern='/auth', POST], []
2019-11-10 11:57:21,113 INFO org.springframework.security.web.DefaultSecurityFilterChain [restartedMain] Creating filter chain: Ant [pattern='/**', OPTIONS], []
2019-11-10 11:57:21,113 INFO org.springframework.security.web.DefaultSecurityFilterChain [restartedMain] Creating filter chain: Ant [pattern='/', GET], []
2019-11-10 11:57:21,255 INFO org.springframework.security.web.DefaultSecurityFilterChain [restartedMain] Creating filter chain: any request, [org.springframework.security.web.context.request.async.WebAsyncManagerIntegrationFilter@2cd937f8, org.springframework.security.web.context.SecurityContextPersistenceFilter@6f122e32, org.springframework.security.web.header.HeaderWriterFilter@1dd81557, org.springframework.security.web.authentication.logout.LogoutFilter@7f454a9a, com.portal.security.JwtTokenAuthorizationOncePerRequestFilter@40ff9c93, org.springframework.security.web.savedrequest.RequestCacheAwareFilter@2f4c215c, org.springframework.security.web.servletapi.SecurityContextHolderAwareRequestFilter@71cabc66, org.springframework.security.web.authentication.AnonymousAuthenticationFilter@3e7a4790, org.springframework.security.web.session.SessionManagementFilter@78cae93a, org.springframework.security.web.access.ExceptionTranslationFilter@4e789627, org.springframework.security.web.access.intercept.FilterSecurityInterceptor@42483f6d]
2019-11-10 11:57:21,730 INFO org.springframework.scheduling.concurrent.ExecutorConfigurationSupport [restartedMain] Initializing ExecutorService 'applicationTaskExecutor'
2019-11-10 11:57:22,838 INFO org.springframework.scheduling.concurrent.ExecutorConfigurationSupport [restartedMain] Initializing ExecutorService
2019-11-10 11:57:23,072 INFO org.springframework.boot.actuate.endpoint.web.EndpointLinksResolver [restartedMain] Exposing 17 endpoint(s) beneath base path '/actuator'
2019-11-10 11:57:23,255 WARN org.springframework.boot.devtools.autoconfigure.OptionalLiveReloadServer [restartedMain] Unable to start LiveReload server
2019-11-10 11:57:23,413 INFO org.apache.juli.logging.DirectJDKLog [restartedMain] Starting ProtocolHandler ["http-nio-5052"]
2019-11-10 11:57:23,541 INFO org.springframework.boot.web.embedded.tomcat.TomcatWebServer [restartedMain] Tomcat started on port(s): 5052 (http) with context path ''
2019-11-10 11:57:23,551 INFO org.springframework.boot.StartupInfoLogger [restartedMain] Started Application in 14.151 seconds (JVM running for 17.116)
2019-11-10 11:57:25,092 WARN de.codecentric.boot.admin.client.registration.ApplicationRegistrator [registrationTask1] Failed to register application as Application(name=portal-web-api, managementUrl=http://localhost:5052/actuator, healthUrl=http://localhost:5052/actuator/health, serviceUrl=http://localhost:5052/) at spring-boot-admin ([http://localhost:8080/instances]): I/O error on POST request for "http://localhost:8080/instances": Connection refused: connect; nested exception is java.net.ConnectException: Connection refused: connect. Further attempts are logged on DEBUG level
2019-11-10 11:57:29,354 INFO org.apache.juli.logging.DirectJDKLog [http-nio-5052-exec-1] Initializing Spring DispatcherServlet 'dispatcherServlet'
2019-11-10 11:57:29,356 INFO org.springframework.web.servlet.FrameworkServlet [http-nio-5052-exec-1] Initializing Servlet 'dispatcherServlet'
2019-11-10 11:57:29,384 INFO org.springframework.web.servlet.FrameworkServlet [http-nio-5052-exec-1] Completed initialization in 26 ms
2019-11-10 11:58:24,653 INFO org.springframework.boot.StartupInfoLogger [restartedMain] Starting Application on PCCECE with PID 10484 (C:\Progetti\MyProject\Portal\PortalWebApi\target\classes started by cece in C:\Progetti\MyProject\Portal\PortalWebApi)
2019-11-10 11:58:24,665 INFO org.springframework.boot.SpringApplication [restartedMain] No active profile set, falling back to default profiles: default
2019-11-10 11:58:24,885 INFO org.springframework.boot.logging.DeferredLog [restartedMain] Devtools property defaults active! Set 'spring.devtools.add-properties' to 'false' to disable
2019-11-10 11:58:24,892 INFO org.springframework.boot.logging.DeferredLog [restartedMain] For additional web related logging consider setting the 'logging.level.web' property to 'DEBUG'
2019-11-10 11:58:30,492 INFO org.springframework.context.support.PostProcessorRegistrationDelegate$BeanPostProcessorChecker [restartedMain] Bean 'org.springframework.security.config.annotation.configuration.ObjectPostProcessorConfiguration' of type [org.springframework.security.config.annotation.configuration.ObjectPostProcessorConfiguration$$EnhancerBySpringCGLIB$$b22f5bb7] is not eligible for getting processed by all BeanPostProcessors (for example: not eligible for auto-proxying)
2019-11-10 11:58:30,508 INFO org.springframework.context.support.PostProcessorRegistrationDelegate$BeanPostProcessorChecker [restartedMain] Bean 'objectPostProcessor' of type [org.springframework.security.config.annotation.configuration.AutowireBeanFactoryObjectPostProcessor] is not eligible for getting processed by all BeanPostProcessors (for example: not eligible for auto-proxying)
2019-11-10 11:58:30,520 INFO org.springframework.context.support.PostProcessorRegistrationDelegate$BeanPostProcessorChecker [restartedMain] Bean 'org.springframework.security.access.expression.method.DefaultMethodSecurityExpressionHandler@298d3394' of type [org.springframework.security.access.expression.method.DefaultMethodSecurityExpressionHandler] is not eligible for getting processed by all BeanPostProcessors (for example: not eligible for auto-proxying)
2019-11-10 11:58:30,543 INFO org.springframework.context.support.PostProcessorRegistrationDelegate$BeanPostProcessorChecker [restartedMain] Bean 'org.springframework.security.config.annotation.method.configuration.GlobalMethodSecurityConfiguration' of type [org.springframework.security.config.annotation.method.configuration.GlobalMethodSecurityConfiguration$$EnhancerBySpringCGLIB$$d703fe69] is not eligible for getting processed by all BeanPostProcessors (for example: not eligible for auto-proxying)
2019-11-10 11:58:30,551 INFO org.springframework.context.support.PostProcessorRegistrationDelegate$BeanPostProcessorChecker [restartedMain] Bean 'methodSecurityMetadataSource' of type [org.springframework.security.access.method.DelegatingMethodSecurityMetadataSource] is not eligible for getting processed by all BeanPostProcessors (for example: not eligible for auto-proxying)
2019-11-10 11:58:36,151 INFO org.springframework.boot.web.embedded.tomcat.TomcatWebServer [restartedMain] Tomcat initialized with port(s): 5052 (http)
2019-11-10 11:58:36,216 INFO org.apache.juli.logging.DirectJDKLog [restartedMain] Initializing ProtocolHandler ["http-nio-5052"]
2019-11-10 11:58:36,437 INFO org.apache.juli.logging.DirectJDKLog [restartedMain] Starting service [Tomcat]
2019-11-10 11:58:36,440 INFO org.apache.juli.logging.DirectJDKLog [restartedMain] Starting Servlet engine: [Apache Tomcat/9.0.21]
2019-11-10 11:58:37,278 INFO org.apache.juli.logging.DirectJDKLog [restartedMain] Initializing Spring embedded WebApplicationContext
2019-11-10 11:58:37,281 INFO org.springframework.boot.web.servlet.context.ServletWebServerApplicationContext [restartedMain] Root WebApplicationContext: initialization completed in 12385 ms
2019-11-10 11:58:39,095 INFO org.springframework.boot.actuate.endpoint.web.ServletEndpointRegistrar [restartedMain] Registered '/actuator/jolokia' to jolokia-actuator-endpoint
2019-11-10 11:58:39,825 INFO org.springframework.boot.autoconfigure.security.servlet.UserDetailsServiceAutoConfiguration [restartedMain] 

Using generated security password: aad2d8a7-27ca-496d-b554-74e0a3a3601e

2019-11-10 11:58:40,004 INFO org.springframework.security.web.DefaultSecurityFilterChain [restartedMain] Creating filter chain: Ant [pattern='/auth', POST], []
2019-11-10 11:58:40,005 INFO org.springframework.security.web.DefaultSecurityFilterChain [restartedMain] Creating filter chain: Ant [pattern='/**', OPTIONS], []
2019-11-10 11:58:40,006 INFO org.springframework.security.web.DefaultSecurityFilterChain [restartedMain] Creating filter chain: Ant [pattern='/', GET], []
2019-11-10 11:58:40,099 INFO org.springframework.security.web.DefaultSecurityFilterChain [restartedMain] Creating filter chain: any request, [org.springframework.security.web.context.request.async.WebAsyncManagerIntegrationFilter@796769d6, org.springframework.security.web.context.SecurityContextPersistenceFilter@15888fa0, org.springframework.security.web.header.HeaderWriterFilter@4e998513, org.springframework.security.web.authentication.logout.LogoutFilter@328a9153, com.portal.security.JwtTokenAuthorizationOncePerRequestFilter@55537ca5, org.springframework.security.web.savedrequest.RequestCacheAwareFilter@66bb7100, org.springframework.security.web.servletapi.SecurityContextHolderAwareRequestFilter@5208af98, org.springframework.security.web.authentication.AnonymousAuthenticationFilter@6b0509a3, org.springframework.security.web.session.SessionManagementFilter@5ec5dd87, org.springframework.security.web.access.ExceptionTranslationFilter@2e865fc5, org.springframework.security.web.access.intercept.FilterSecurityInterceptor@41071ec7]
2019-11-10 11:58:40,579 INFO org.springframework.scheduling.concurrent.ExecutorConfigurationSupport [restartedMain] Initializing ExecutorService 'applicationTaskExecutor'
2019-11-10 11:58:42,062 INFO org.springframework.scheduling.concurrent.ExecutorConfigurationSupport [restartedMain] Initializing ExecutorService
2019-11-10 11:58:42,387 INFO org.springframework.boot.actuate.endpoint.web.EndpointLinksResolver [restartedMain] Exposing 17 endpoint(s) beneath base path '/actuator'
2019-11-10 11:58:42,720 INFO org.springframework.boot.devtools.autoconfigure.OptionalLiveReloadServer [restartedMain] LiveReload server is running on port 35729
2019-11-10 11:58:42,871 INFO org.apache.juli.logging.DirectJDKLog [restartedMain] Starting ProtocolHandler ["http-nio-5052"]
2019-11-10 11:58:43,452 INFO org.springframework.boot.web.embedded.tomcat.TomcatWebServer [restartedMain] Tomcat started on port(s): 5052 (http) with context path ''
2019-11-10 11:58:43,911 INFO org.springframework.boot.StartupInfoLogger [restartedMain] Started Application in 20.193 seconds (JVM running for 21.554)
2019-11-10 11:58:45,547 WARN de.codecentric.boot.admin.client.registration.ApplicationRegistrator [registrationTask1] Failed to register application as Application(name=portal-web-api, managementUrl=http://localhost:5052/actuator, healthUrl=http://localhost:5052/actuator/health, serviceUrl=http://localhost:5052/) at spring-boot-admin ([http://localhost:8080/instances]): I/O error on POST request for "http://localhost:8080/instances": Connection refused: connect; nested exception is java.net.ConnectException: Connection refused: connect. Further attempts are logged on DEBUG level
2019-11-10 11:59:38,548 INFO org.apache.juli.logging.DirectJDKLog [http-nio-5052-exec-3] Initializing Spring DispatcherServlet 'dispatcherServlet'
2019-11-10 11:59:38,553 INFO org.springframework.web.servlet.FrameworkServlet [http-nio-5052-exec-3] Initializing Servlet 'dispatcherServlet'
2019-11-10 11:59:38,589 INFO org.springframework.web.servlet.FrameworkServlet [http-nio-5052-exec-3] Completed initialization in 34 ms
2019-11-10 12:01:36,495 INFO de.codecentric.boot.admin.client.registration.ApplicationRegistrator [registrationTask1] Application registered itself as b1aa1e748443
2019-11-10 12:01:52,282 INFO org.springframework.boot.StartupInfoLogger [restartedMain] Starting Application on PCCECE with PID 5344 (C:\Progetti\MyProject\Portal\PortalWebApi\target\classes started by cece in C:\Progetti\MyProject\Portal\PortalWebApi)
2019-11-10 12:01:52,519 INFO org.springframework.boot.SpringApplication [restartedMain] No active profile set, falling back to default profiles: default
2019-11-10 12:01:52,912 INFO org.springframework.boot.logging.DeferredLog [restartedMain] Devtools property defaults active! Set 'spring.devtools.add-properties' to 'false' to disable
2019-11-10 12:01:52,913 INFO org.springframework.boot.logging.DeferredLog [restartedMain] For additional web related logging consider setting the 'logging.level.web' property to 'DEBUG'
2019-11-10 12:02:06,208 INFO org.springframework.context.support.PostProcessorRegistrationDelegate$BeanPostProcessorChecker [restartedMain] Bean 'org.springframework.security.config.annotation.configuration.ObjectPostProcessorConfiguration' of type [org.springframework.security.config.annotation.configuration.ObjectPostProcessorConfiguration$$EnhancerBySpringCGLIB$$c3d47e43] is not eligible for getting processed by all BeanPostProcessors (for example: not eligible for auto-proxying)
2019-11-10 12:02:06,278 INFO org.springframework.context.support.PostProcessorRegistrationDelegate$BeanPostProcessorChecker [restartedMain] Bean 'objectPostProcessor' of type [org.springframework.security.config.annotation.configuration.AutowireBeanFactoryObjectPostProcessor] is not eligible for getting processed by all BeanPostProcessors (for example: not eligible for auto-proxying)
2019-11-10 12:02:06,282 INFO org.springframework.context.support.PostProcessorRegistrationDelegate$BeanPostProcessorChecker [restartedMain] Bean 'org.springframework.security.access.expression.method.DefaultMethodSecurityExpressionHandler@59e24136' of type [org.springframework.security.access.expression.method.DefaultMethodSecurityExpressionHandler] is not eligible for getting processed by all BeanPostProcessors (for example: not eligible for auto-proxying)
2019-11-10 12:02:06,335 INFO org.springframework.context.support.PostProcessorRegistrationDelegate$BeanPostProcessorChecker [restartedMain] Bean 'org.springframework.security.config.annotation.method.configuration.GlobalMethodSecurityConfiguration' of type [org.springframework.security.config.annotation.method.configuration.GlobalMethodSecurityConfiguration$$EnhancerBySpringCGLIB$$e8a920f5] is not eligible for getting processed by all BeanPostProcessors (for example: not eligible for auto-proxying)
2019-11-10 12:02:06,368 INFO org.springframework.context.support.PostProcessorRegistrationDelegate$BeanPostProcessorChecker [restartedMain] Bean 'methodSecurityMetadataSource' of type [org.springframework.security.access.method.DelegatingMethodSecurityMetadataSource] is not eligible for getting processed by all BeanPostProcessors (for example: not eligible for auto-proxying)
2019-11-10 12:02:16,195 INFO org.springframework.boot.web.embedded.tomcat.TomcatWebServer [restartedMain] Tomcat initialized with port(s): 5052 (http)
2019-11-10 12:02:16,262 INFO org.apache.juli.logging.DirectJDKLog [restartedMain] Initializing ProtocolHandler ["http-nio-5052"]
2019-11-10 12:02:16,417 INFO org.apache.juli.logging.DirectJDKLog [restartedMain] Starting service [Tomcat]
2019-11-10 12:02:16,429 INFO org.apache.juli.logging.DirectJDKLog [restartedMain] Starting Servlet engine: [Apache Tomcat/9.0.21]
2019-11-10 12:02:17,445 INFO org.apache.juli.logging.DirectJDKLog [restartedMain] Initializing Spring embedded WebApplicationContext
2019-11-10 12:02:17,448 INFO org.springframework.boot.web.servlet.context.ServletWebServerApplicationContext [restartedMain] Root WebApplicationContext: initialization completed in 24532 ms
2019-11-10 12:02:19,379 INFO org.springframework.boot.actuate.endpoint.web.ServletEndpointRegistrar [restartedMain] Registered '/actuator/jolokia' to jolokia-actuator-endpoint
2019-11-10 12:02:20,214 INFO org.springframework.boot.autoconfigure.security.servlet.UserDetailsServiceAutoConfiguration [restartedMain] 

Using generated security password: 4d41d34f-005b-4dd9-8b22-8539823e2cde

2019-11-10 12:02:20,501 INFO org.springframework.security.web.DefaultSecurityFilterChain [restartedMain] Creating filter chain: Ant [pattern='/auth', POST], []
2019-11-10 12:02:20,502 INFO org.springframework.security.web.DefaultSecurityFilterChain [restartedMain] Creating filter chain: Ant [pattern='/**', OPTIONS], []
2019-11-10 12:02:20,505 INFO org.springframework.security.web.DefaultSecurityFilterChain [restartedMain] Creating filter chain: Ant [pattern='/', GET], []
2019-11-10 12:02:20,695 INFO org.springframework.security.web.DefaultSecurityFilterChain [restartedMain] Creating filter chain: any request, [org.springframework.security.web.context.request.async.WebAsyncManagerIntegrationFilter@3b791dff, org.springframework.security.web.context.SecurityContextPersistenceFilter@62a8155c, org.springframework.security.web.header.HeaderWriterFilter@465c8aaa, org.springframework.security.web.authentication.logout.LogoutFilter@382c6591, com.portal.security.JwtTokenAuthorizationOncePerRequestFilter@1dda73e9, org.springframework.security.web.savedrequest.RequestCacheAwareFilter@6319d864, org.springframework.security.web.servletapi.SecurityContextHolderAwareRequestFilter@54e8d250, org.springframework.security.web.authentication.AnonymousAuthenticationFilter@7a50e053, org.springframework.security.web.session.SessionManagementFilter@61cb1cd9, org.springframework.security.web.access.ExceptionTranslationFilter@764ccc55, org.springframework.security.web.access.intercept.FilterSecurityInterceptor@5ff75aa8]
2019-11-10 12:02:21,744 INFO org.springframework.scheduling.concurrent.ExecutorConfigurationSupport [restartedMain] Initializing ExecutorService 'applicationTaskExecutor'
2019-11-10 12:02:22,846 INFO org.springframework.scheduling.concurrent.ExecutorConfigurationSupport [restartedMain] Initializing ExecutorService
2019-11-10 12:02:23,225 INFO org.springframework.boot.actuate.endpoint.web.EndpointLinksResolver [restartedMain] Exposing 17 endpoint(s) beneath base path '/actuator'
2019-11-10 12:02:23,425 INFO org.springframework.boot.devtools.autoconfigure.OptionalLiveReloadServer [restartedMain] LiveReload server is running on port 35729
2019-11-10 12:02:23,538 INFO org.apache.juli.logging.DirectJDKLog [restartedMain] Starting ProtocolHandler ["http-nio-5052"]
2019-11-10 12:02:23,673 INFO org.springframework.boot.web.embedded.tomcat.TomcatWebServer [restartedMain] Tomcat started on port(s): 5052 (http) with context path ''
2019-11-10 12:02:23,685 INFO org.springframework.boot.StartupInfoLogger [restartedMain] Started Application in 33.547 seconds (JVM running for 36.276)
2019-11-10 12:02:24,681 INFO de.codecentric.boot.admin.client.registration.ApplicationRegistrator [registrationTask1] Application registered itself as b1aa1e748443
2019-11-10 12:02:24,869 INFO org.apache.juli.logging.DirectJDKLog [http-nio-5052-exec-4] Initializing Spring DispatcherServlet 'dispatcherServlet'
2019-11-10 12:02:24,922 INFO org.springframework.web.servlet.FrameworkServlet [http-nio-5052-exec-4] Initializing Servlet 'dispatcherServlet'
2019-11-10 12:02:24,944 INFO org.springframework.web.servlet.FrameworkServlet [http-nio-5052-exec-4] Completed initialization in 20 ms
2019-11-10 12:05:54,742 WARN de.codecentric.boot.admin.client.registration.ApplicationRegistrator [registrationTask1] Failed to register application as Application(name=portal-web-api, managementUrl=http://localhost:5052/actuator, healthUrl=http://localhost:5052/actuator/health, serviceUrl=http://localhost:5052/) at spring-boot-admin ([http://localhost:8080/instances]): I/O error on POST request for "http://localhost:8080/instances": Connection refused: connect; nested exception is java.net.ConnectException: Connection refused: connect. Further attempts are logged on DEBUG level
